The magic happens on port 8080
[0mGET / [32m200 [0m22.411 ms - 846[0m
The magic happens on port 8080
test 404
[0mGET /foo/bar [33m404 [0m3.285 ms - 20[0m
<testsuite name="Mocha Tests" tests="2" failures="0" errors="0" skipped="0" timestamp="Mon, 09 Nov 2015 20:33:05 GMT" time="0.478">
<testcase classname="loading express" name="responds to /" time="0.053"/>
<testcase classname="loading express" name="404 everything else" time="0.011"/>
</testsuite>
